\BOOKMARK [1][]{section.1}{\376\377\004\036\004\061\004\111\004\065\004\065\000\040\004\076\004\077\004\070\004\101\004\060\004\075\004\070\004\065}{}
\BOOKMARK [1][]{section.2}{\376\377\004\041\004\065\004\100\004\062\004\070\004\101\004\113\000\040\004\076\004\077\004\065\004\100\004\060\004\106\004\070\004\076\004\075\004\075\004\076\004\071\000\040\004\101\004\100\004\065\004\064\004\113}{}
\BOOKMARK [2][]{subsection.2.1}{\376\377\004\030\004\075\004\102\004\065\004\100\004\104\004\065\004\071\004\101\000\040\004\076\004\061\004\111\004\065\004\063\004\076\000\040\004\075\004\060\004\067\004\075\004\060\004\107\004\065\004\075\004\070\004\117}{section.2}
\BOOKMARK [3][]{subsubsection.2.1.1}{\376\377\004\030\004\075\004\070\004\106\004\070\004\060\004\073\004\070\004\067\004\060\004\106\004\070\004\117\000\040\004\077\004\100\004\070\004\072\004\073\004\060\004\064\004\075\004\076\004\063\004\076\000\040\004\076\004\061\004\112\004\065\004\072\004\102\004\060}{subsection.2.1}
\BOOKMARK [3][]{subsubsection.2.1.2}{\376\377\004\027\004\060\004\077\004\100\004\076\004\101\000\040\004\102\004\065\004\072\004\103\004\111\004\065\004\063\004\076\000\040\004\062\004\100\004\065\004\074\004\065\004\075\004\070}{subsection.2.1}
\BOOKMARK [2][]{subsection.2.2}{\376\377\004\030\004\075\004\102\004\065\004\100\004\104\004\065\004\071\004\101\000\040\004\101\004\070\004\101\004\102\004\065\004\074\004\075\004\113\004\105\000\040\004\101\004\076\004\061\004\113\004\102\004\070\004\071}{section.2}
\BOOKMARK [3][]{subsubsection.2.2.1}{\376\377\004\036\004\061\004\100\004\060\004\061\004\076\004\102\004\072\004\060\000\040\004\101\004\076\004\061\004\113\004\102\004\070\004\071}{subsection.2.2}
\BOOKMARK [3][]{subsubsection.2.2.2}{\376\377\004\023\004\065\004\075\004\065\004\100\004\060\004\106\004\070\004\117\000\040\004\101\004\076\004\061\004\113\004\102\004\070\004\071\000\040}{subsection.2.2}
\BOOKMARK [2][]{subsection.2.3}{\376\377\004\030\004\075\004\102\004\065\004\100\004\104\004\065\004\071\004\101\000\040\004\064\004\076\004\101\004\102\004\103\004\077\004\060\000\040\004\072\000\040\004\105\004\100\004\060\004\075\004\070\004\073\004\070\004\111\004\103}{section.2}
\BOOKMARK [3][]{subsubsection.2.3.1}{\376\377\004\027\004\060\004\077\004\100\004\076\004\101\000\040\004\074\004\065\004\101\004\102\004\060\000\040\004\062\000\040\004\105\004\100\004\060\004\075\004\070\004\073\004\070\004\111\004\065}{subsection.2.3}
\BOOKMARK [3][]{subsubsection.2.3.2}{\376\377\004\037\004\076\004\073\004\103\004\107\004\065\004\075\004\070\004\065\000\040\004\064\004\076\004\101\004\102\004\103\004\077\004\060\000\040\004\072\000\040\004\064\004\060\004\075\004\075\004\113\004\074}{subsection.2.3}
\BOOKMARK [3][]{subsubsection.2.3.3}{\376\377\000\040\004\022\004\113\004\101\004\062\004\076\004\061\004\076\004\066\004\064\004\065\004\075\004\070\004\065\000\040\004\074\004\065\004\101\004\102\004\060\000\040\004\062\000\040\004\105\004\100\004\060\004\075\004\070\004\073\004\070\004\111\004\065\000\040}{subsection.2.3}
\BOOKMARK [2][]{subsection.2.4}{\376\377\004\030\004\075\004\102\004\065\004\100\004\104\004\065\004\071\004\101\000\040\004\101\004\070\004\075\004\105\004\100\004\076\004\075\004\075\004\113\004\105\000\040\004\102\004\060\004\071\004\074\004\065\004\100\004\076\004\062}{section.2}
\BOOKMARK [3][]{subsubsection.2.4.1}{\376\377\000\040\004\043\004\101\004\102\004\060\004\075\004\076\004\062\004\072\004\060\000\040\004\102\004\060\004\071\004\074\004\065\004\100\004\060\000\040}{subsection.2.4}
\BOOKMARK [3][]{subsubsection.2.4.2}{\376\377\000\040\004\041\004\100\004\060\004\061\004\060\004\102\004\113\004\062\004\060\004\075\004\070\004\065\000\040\004\102\004\060\004\071\004\074\004\065\004\100\000\040}{subsection.2.4}
\BOOKMARK [1][]{section.3}{\376\377\004\041\004\065\004\100\004\062\004\070\004\101\004\113\000\040\004\101\004\065\004\102\004\065\004\062\004\076\004\063\004\076\000\040\004\062\004\067\004\060\004\070\004\074\004\076\004\064\004\065\004\071\004\101\004\102\004\062\004\070\004\117}{}
\BOOKMARK [2][]{subsection.3.1}{\376\377\004\030\004\075\004\102\004\065\004\100\004\104\004\065\004\071\004\101\000\040\004\064\004\076\004\101\004\102\004\103\004\077\004\060\000\040\004\072\000\040\004\060\004\102\004\100\004\070\004\061\004\103\004\102\004\060\004\074}{section.3}
\BOOKMARK [3][]{subsubsection.3.1.1}{\376\377\004\047\004\102\004\065\004\075\004\070\004\065\000\040\004\060\004\102\004\100\004\070\004\061\004\103\004\102\004\060}{subsection.3.1}
\BOOKMARK [3][]{subsubsection.3.1.2}{\376\377\004\027\004\060\004\077\004\070\004\101\004\114\000\040\004\060\004\102\004\100\004\070\004\061\004\103\004\102\004\060}{subsection.3.1}
\BOOKMARK [2][]{subsection.3.2}{\376\377\004\030\004\075\004\102\004\065\004\100\004\104\004\065\004\071\004\101\000\040\004\076\004\061\004\074\004\065\004\075\004\060\000\040\004\101\004\076\004\076\004\061\004\111\004\065\004\075\004\070\004\117\004\074\004\070}{section.3}
\BOOKMARK [3][]{subsubsection.3.2.1}{\376\377\004\041\004\076\004\067\004\064\004\060\004\075\004\070\004\065\000\040\004\075\004\076\004\062\004\076\004\063\004\076\000\040\004\101\004\076\004\076\004\061\004\111\004\065\004\075\004\070\004\117}{subsection.3.2}
\BOOKMARK [3][]{subsubsection.3.2.2}{\376\377\004\037\004\076\004\073\004\103\004\107\004\065\004\075\004\070\004\065\000\040\004\070\004\075\004\104\004\076\004\100\004\074\004\060\004\106\004\070\004\070\000\040\004\076\000\040\004\101\004\076\004\076\004\061\004\111\004\065\004\075\004\070\004\070}{subsection.3.2}
\BOOKMARK [3][]{subsubsection.3.2.3}{\376\377\004\043\004\064\004\060\004\073\004\065\004\075\004\070\004\065\000\040\004\101\004\076\004\076\004\061\004\111\004\065\004\075\004\070\004\117}{subsection.3.2}
\BOOKMARK [3][]{subsubsection.3.2.4}{\376\377\004\037\004\065\004\100\004\065\004\064\004\060\004\107\004\060\000\040\004\101\004\076\004\076\004\061\004\111\004\065\004\075\004\070\004\071}{subsection.3.2}
\BOOKMARK [3][]{subsubsection.3.2.5}{\376\377\004\037\004\100\004\070\004\121\004\074\000\040\004\101\004\076\004\076\004\061\004\111\004\065\004\075\004\070\004\071}{subsection.3.2}
\BOOKMARK [1][]{section.4}{\376\377\004\041\004\065\004\100\004\062\004\070\004\101\004\113\000\040\004\060\004\061\004\101\004\102\004\100\004\060\004\072\004\106\004\070\004\070\000\040\004\076\004\102\000\040\004\060\004\077\004\077\004\060\004\100\004\060\004\102\004\103\004\100\004\113}{}
\BOOKMARK [2][]{subsection.4.1}{\376\377\004\030\004\075\004\102\004\065\004\100\004\104\004\065\004\071\004\101\000\040\004\060\004\077\004\077\004\060\004\100\004\060\004\102\004\075\004\113\004\105\000\040\004\077\004\100\004\065\004\100\004\113\004\062\004\060\004\075\004\070\004\071}{section.4}
\BOOKMARK [3][]{subsubsection.4.1.1}{\376\377\004\036\004\061\004\100\004\060\004\061\004\076\004\102\004\072\004\060\000\040\004\077\004\100\004\065\004\100\004\113\004\062\004\060\004\075\004\070\004\071}{subsection.4.1}
\BOOKMARK [2][]{subsection.4.2}{\376\377\004\030\004\075\004\102\004\065\004\100\004\104\004\065\004\071\004\101\000\040\004\060\004\101\004\070\004\075\004\105\004\100\004\076\004\075\004\075\004\113\004\105\000\040\004\102\004\060\004\071\004\074\004\065\004\100\004\076\004\062}{section.4}
\BOOKMARK [3][]{subsubsection.4.2.1}{\376\377\004\027\004\075\004\060\004\107\004\065\004\075\004\070\004\065\000\040\004\101\004\107\004\121\004\102\004\107\004\070\004\072\004\060\000\040\004\102\004\060\004\071\004\074\004\065\004\100\004\060}{subsection.4.2}
\BOOKMARK [3][]{subsubsection.4.2.2}{\376\377\004\043\004\101\004\102\004\060\004\075\004\076\004\062\004\072\004\060\000\040\004\102\004\060\004\071\004\074\004\065\004\100\004\060}{subsection.4.2}
\BOOKMARK [3][]{subsubsection.4.2.3}{\376\377\004\041\004\100\004\060\004\061\004\060\004\102\004\113\004\062\004\060\004\075\004\070\004\065\000\040\004\102\004\060\004\071\004\074\004\065\004\100\004\060}{subsection.4.2}
\BOOKMARK [3][]{subsubsection.4.2.4}{\376\377\004\037\004\076\004\073\004\103\004\107\004\065\004\075\004\070\004\065\000\040\004\070\004\075\004\104\004\076\004\100\004\074\004\060\004\106\004\070\004\070\000\040\004\076\000\040\004\102\004\060\004\071\004\074\004\065\004\100\004\065}{subsection.4.2}
\BOOKMARK [3][]{subsubsection.4.2.5}{\376\377\004\036\004\101\004\102\004\060\004\075\004\076\004\062\004\072\004\060\000\040\004\102\004\060\004\071\004\074\004\065\004\100\004\060}{subsection.4.2}
\BOOKMARK [2][]{subsection.4.3}{\376\377\004\030\004\075\004\102\004\065\004\100\004\104\004\065\004\071\004\101\000\040\004\106\004\070\004\104\004\100\004\076\004\062\004\113\004\105\000\040\004\062\004\105\004\076\004\064\004\076\004\062\000/\004\062\004\113\004\105\004\076\004\064\004\076\004\062}{section.4}
\BOOKMARK [3][]{subsubsection.4.3.1}{\376\377\004\027\004\060\004\077\004\070\004\101\004\114\000\040\004\062\000\040\004\077\004\076\004\100\004\102}{subsection.4.3}
\BOOKMARK [3][]{subsubsection.4.3.2}{\376\377\004\047\004\102\004\065\004\075\004\070\004\065\000\040\004\070\004\067\000\040\004\077\004\076\004\100\004\102\004\060}{subsection.4.3}
\BOOKMARK [3][]{subsubsection.4.3.3}{\376\377\004\043\004\101\004\102\004\060\004\075\004\076\004\062\004\072\004\060\000\040\004\060\004\102\004\100\004\070\004\061\004\103\004\102\004\076\004\062\000\040\004\077\004\076\004\100\004\102\004\060}{subsection.4.3}
\BOOKMARK [3][]{subsubsection.4.3.4}{\376\377\004\037\004\076\004\073\004\103\004\107\004\065\004\075\004\070\004\065\000\040\004\060\004\102\004\100\004\070\004\061\004\103\004\102\004\076\004\062\000\040\004\077\004\076\004\100\004\102\004\060}{subsection.4.3}
\BOOKMARK [3][]{subsubsection.4.3.5}{\376\377\004\037\004\076\004\073\004\103\004\107\004\065\004\075\004\070\004\065\000\040\004\104\004\073\004\060\004\063\004\076\004\062\000\040\004\077\004\100\004\065\004\100\004\113\004\062\004\060\004\075\004\070\004\071}{subsection.4.3}
\BOOKMARK [3][]{subsubsection.4.3.6}{\376\377\004\041\004\061\004\100\004\076\004\101\000\040\004\104\004\073\004\060\004\063\004\076\004\062\000\040\004\077\004\100\004\065\004\100\004\113\004\062\004\060\004\075\004\070\004\071}{subsection.4.3}
\BOOKMARK [2][]{subsection.4.4}{\376\377\004\030\004\075\004\102\004\065\004\100\004\104\004\065\004\071\004\101\000\040\004\020\004\046\004\037}{section.4}
\BOOKMARK [3][]{subsubsection.4.4.1}{\376\377\004\030\004\075\004\070\004\106\004\070\004\060\004\073\004\070\004\067\004\060\004\106\004\070\004\117\000\040\004\020\004\046\004\037}{subsection.4.4}
\BOOKMARK [3][]{subsubsection.4.4.2}{\376\377\004\027\004\060\004\077\004\103\004\101\004\072\000\040\004\020\004\046\004\037}{subsection.4.4}
\BOOKMARK [3][]{subsubsection.4.4.3}{\376\377\004\037\004\076\004\073\004\103\004\107\004\065\004\075\004\070\004\065\000\040\004\064\004\060\004\075\004\075\004\113\004\105\000\040\004\101\000\040\004\020\004\046\004\037}{subsection.4.4}
\BOOKMARK [3][]{subsubsection.4.4.4}{\376\377\004\036\004\101\004\102\004\060\004\075\004\076\004\062\000\040\004\020\004\046\004\037}{subsection.4.4}
\BOOKMARK [2][]{subsection.4.5}{\376\377\004\030\004\075\004\102\004\065\004\100\004\104\004\065\004\071\004\101\000\040\004\046\004\020\004\037}{section.4}
\BOOKMARK [1][]{section*.5}{\376\377\004\021\004\070\004\061\004\073\004\070\004\076\004\063\004\100\004\060\004\104\004\070\004\117}{}
