\BOOKMARK [1][]{section.1}{\376\377\004\022\004\062\004\065\004\064\004\065\004\075\004\070\004\065}{}
\BOOKMARK [1][]{section.2}{\376\377\004\020\004\102\004\100\004\070\004\061\004\103\004\102\004\113\000\040\004\077\004\100\004\070\004\072\004\073\004\060\004\064\004\075\004\113\004\105\000\040\004\076\004\061\004\112\004\065\004\072\004\102\004\076\004\062}{}
\BOOKMARK [2][]{subsection.2.1}{\376\377\004\027\004\060\004\077\004\100\004\076\004\101\000\040\004\067\004\075\004\060\004\107\004\065\004\075\004\070\004\117\000\040\004\060\004\102\004\100\004\070\004\061\004\103\004\102\004\060}{section.2}
\BOOKMARK [2][]{subsection.2.2}{\376\377\004\043\004\101\004\102\004\060\004\075\004\076\004\062\004\072\004\060\000\040\004\067\004\075\004\060\004\107\004\065\004\075\004\070\004\117\000\040\004\060\004\102\004\100\004\070\004\061\004\103\004\102\004\060}{section.2}
\BOOKMARK [2][]{subsection.2.3}{\376\377\004\022\004\076\004\067\004\062\004\100\004\060\004\102\000\040\004\060\004\102\004\100\004\070\004\061\004\103\004\102\004\060}{section.2}
\BOOKMARK [2][]{subsection.2.4}{\376\377\004\036\004\061\004\111\004\070\004\065\000\040\004\060\004\102\004\100\004\070\004\061\004\103\004\102\004\113\000\040\004\076\004\061\004\112\004\065\004\072\004\102\004\076\004\062}{section.2}
\BOOKMARK [1][]{section.3}{\376\377\004\030\004\067\004\062\004\065\004\111\004\065\004\075\004\070\004\065\000\040\004\076\000\040\004\101\004\076\004\061\004\113\004\102\004\070\004\070}{}
\BOOKMARK [2][]{subsection.3.1}{\376\377\004\036\004\110\004\070\004\061\004\072\004\070\000\040\004\064\004\076\004\101\004\102\004\103\004\077\004\060\000\040\004\072\000\040\004\060\004\102\004\100\004\070\004\061\004\103\004\102\004\103}{section.3}
\BOOKMARK [1][]{section.4}{\376\377\004\024\004\070\004\101\004\077\004\065\004\102\004\107\004\065\004\100\000\040\004\103\004\067\004\073\004\060}{}
\BOOKMARK [2][]{subsection.4.1}{\376\377\004\024\004\076\004\077\004\076\004\073\004\075\004\070\004\102\004\065\004\073\004\114\004\075\004\113\004\065\000\040\004\060\004\102\004\100\004\070\004\061\004\103\004\102\004\113\000\040\004\064\004\070\004\101\004\077\004\065\004\102\004\107\004\065\004\100\004\060}{section.4}
\BOOKMARK [2][]{subsection.4.2}{\376\377\000C\004\076\004\061\004\113\004\102\004\070\004\117\000,\000\040\004\063\004\065\004\075\004\065\004\100\004\070\004\100\004\103\004\065\004\074\004\113\004\105\000\040\004\064\004\070\004\101\004\077\004\065\004\102\004\107\004\065\004\100\004\076\004\074\000\040\004\103\004\067\004\073\004\060}{section.4}
\BOOKMARK [2][]{subsection.4.3}{\376\377\004\041\004\061\004\100\004\076\004\101\000\040\004\103\004\067\004\073\004\060}{section.4}
\BOOKMARK [2][]{subsection.4.4}{\376\377\004\037\004\100\004\070\004\101\004\076\004\065\004\064\004\070\004\075\004\065\004\075\004\070\004\065\000\040\004\064\004\076\004\107\004\065\004\100\004\075\004\065\004\063\004\076\000\040\004\103\004\067\004\073\004\060}{section.4}
\BOOKMARK [2][]{subsection.4.5}{\376\377\004\036\004\102\004\101\004\076\004\065\004\064\004\070\004\075\004\065\004\075\004\070\004\065\000\040\004\064\004\076\004\107\004\065\004\100\004\075\004\065\004\063\004\076\000\040\004\103\004\067\004\073\004\060}{section.4}
\BOOKMARK [2][]{subsection.4.6}{\376\377\004\024\004\076\004\101\004\102\004\103\004\077\000\040\004\072\000\040\004\105\004\100\004\060\004\075\004\070\004\073\004\070\004\111\004\103}{section.4}
\BOOKMARK [3][]{subsubsection.4.6.1}{\376\377\004\027\004\060\004\077\004\100\004\076\004\101\000\040\004\064\004\060\004\075\004\075\004\113\004\105\000\040\004\076\000\040\004\101\004\076\004\061\004\113\004\102\004\070\004\070}{subsection.4.6}
\BOOKMARK [3][]{subsubsection.4.6.2}{\376\377\004\022\004\076\004\067\004\062\004\100\004\060\004\102\000\040\004\064\004\060\004\075\004\075\004\113\004\105\000\040\004\076\000\040\004\101\004\076\004\061\004\113\004\102\004\070\004\070}{subsection.4.6}
\BOOKMARK [3][]{subsubsection.4.6.3}{\376\377\004\043\004\064\004\060\004\073\004\065\004\075\004\070\004\065\000\040\004\064\004\060\004\075\004\075\004\113\004\105\000\040\004\076\000\040\004\101\004\076\004\061\004\113\004\102\004\070\004\070}{subsection.4.6}
\BOOKMARK [3][]{subsubsection.4.6.4}{\376\377\004\030\004\067\004\062\004\065\004\111\004\065\004\075\004\070\004\065\000\040\004\076\004\061\000\040\004\103\004\064\004\060\004\073\004\065\004\075\004\070\004\070\000\040\004\101\004\076\004\061\004\113\004\102\004\070\004\117}{subsection.4.6}
\BOOKMARK [2][]{subsection.4.7}{\376\377\004\027\004\060\004\077\004\100\004\076\004\101\000\040\004\070\004\075\004\104\004\076\004\100\004\074\004\060\004\106\004\070\004\070\000\040\004\076\004\061\000\040\004\076\004\061\004\112\004\065\004\072\004\102\004\060\004\105\000\040\004\103\004\067\004\073\004\060}{section.4}
\BOOKMARK [2][]{subsection.4.8}{\376\377\004\030\004\075\004\104\004\076\004\100\004\074\004\060\004\106\004\070\004\117\000\040\004\076\004\061\000\040\004\076\004\061\004\112\004\065\004\072\004\102\004\060\004\105\000\040\004\103\004\067\004\073\004\060\004\105}{section.4}
\BOOKMARK [1][]{section*.3}{\376\377\004\021\004\070\004\061\004\073\004\070\004\076\004\063\004\100\004\060\004\104\004\070\004\117}{}
